TN:
SF:thermostat.js
FN:3,(anonymous_0)
FN:10,(anonymous_1)
FN:14,(anonymous_2)
FN:20,(anonymous_3)
FN:26,(anonymous_4)
FN:31,(anonymous_5)
FN:39,(anonymous_6)
FN:43,(anonymous_7)
FNF:8
FNH:8
FNDA:1,(anonymous_0)
FNDA:7,(anonymous_1)
FNDA:23,(anonymous_2)
FNDA:12,(anonymous_3)
FNDA:2,(anonymous_4)
FNDA:2,(anonymous_5)
FNDA:2,(anonymous_6)
FNDA:3,(anonymous_7)
DA:4,1
DA:5,1
DA:6,1
DA:7,1
DA:11,7
DA:15,23
DA:16,17
DA:21,12
DA:22,11
DA:27,2
DA:28,2
DA:32,2
DA:33,1
DA:35,1
DA:40,2
DA:44,3
DA:45,1
DA:47,2
DA:48,1
DA:51,1
DA:57,1
LF:21
LH:21
BRDA:15,0,0,17
BRDA:15,0,1,6
BRDA:21,1,0,11
BRDA:21,1,1,1
BRDA:32,2,0,1
BRDA:32,2,1,1
BRDA:44,3,0,1
BRDA:44,3,1,2
BRDA:47,4,0,1
BRDA:47,4,1,1
BRF:10
BRH:10
end_of_record
